/*C1*/SET SCHEMA SYSTEM_LOBS
INSERT INTO BLOCKS VALUES(0,2147483647,0)
COMMIT
/*C2*/SET SCHEMA PUBLIC
CREATE TABLE recorded_instance (instanceId varchar(256) primary key, directory varchar(4096))
INSERT INTO RECORDED_INSTANCE VALUES('uuid:b6e2bd9a-2fac-4ce2-b6a7-d59ed343f4b7','instances/uuidb6e2bd9a-2fac-4ce2-b6a7-d59ed343f4b7')
COMMIT
INSERT INTO RECORDED_INSTANCE VALUES('uuid:a4d77716-1567-41dc-9b63-422da232b514','instances/uuida4d77716-1567-41dc-9b63-422da232b514')
COMMIT
INSERT INTO RECORDED_INSTANCE VALUES('uuid:8f1d9436-b483-48ce-8db8-48ba59d68e94','instances/uuid8f1d9436-b483-48ce-8db8-48ba59d68e94')
COMMIT
INSERT INTO RECORDED_INSTANCE VALUES('uuid:fc9a7a94-590c-464b-8e55-4540df0ba193','instances/uuidfc9a7a94-590c-464b-8e55-4540df0ba193')
COMMIT
INSERT INTO RECORDED_INSTANCE VALUES('uuid:9bbb263d-61a6-4d4b-b2c1-94402118fdb9','instances/uuid9bbb263d-61a6-4d4b-b2c1-94402118fdb9')
COMMIT
INSERT INTO RECORDED_INSTANCE VALUES('uuid:5e6dcce0-d5f9-474b-9f0e-286d600acd7b','instances/uuid5e6dcce0-d5f9-474b-9f0e-286d600acd7b')
COMMIT
INSERT INTO RECORDED_INSTANCE VALUES('uuid:4330ec19-c1db-41bd-9193-7e3d0c7e8261','instances/uuid4330ec19-c1db-41bd-9193-7e3d0c7e8261')
COMMIT
INSERT INTO RECORDED_INSTANCE VALUES('uuid:4fa9dff4-6978-4ce3-a90d-e5dd077d8b83','instances/uuid4fa9dff4-6978-4ce3-a90d-e5dd077d8b83')
COMMIT
INSERT INTO RECORDED_INSTANCE VALUES('uuid:40bb594e-18d4-4895-8971-6e8aa7db744b','instances/uuid40bb594e-18d4-4895-8971-6e8aa7db744b')
COMMIT
INSERT INTO RECORDED_INSTANCE VALUES('uuid:79614c53-5c00-4e33-8d7b-165d3dba1641','instances/uuid79614c53-5c00-4e33-8d7b-165d3dba1641')
COMMIT
INSERT INTO RECORDED_INSTANCE VALUES('uuid:f0f20224-e4f7-48ef-84d0-d511a462df7d','instances/uuidf0f20224-e4f7-48ef-84d0-d511a462df7d')
COMMIT
DISCONNECT
